# JRE version: OpenJDK Runtime Environment (8.0_112-b06) (build 1.8.0_112-release-b06)
# Java VM: OpenJDK 64-Bit Server VM (25.112-b06 mixed mode linux-amd64 compressed oops)
Heap:
 PSYoungGen      total 270848K, used 45564K [0x00000000d5580000, 0x00000000e8b80000, 0x0000000100000000)
  eden space 225280K, 0% used [0x00000000d5580000,0x00000000d5580000,0x00000000e3180000)
  from space 45568K, 99% used [0x00000000e3180000,0x00000000e5dff0c8,0x00000000e5e00000)
  to   space 40960K, 0% used [0x00000000e5e00000,0x00000000e5e00000,0x00000000e8600000)
 ParOldGen       total 89088K, used 50657K [0x0000000080000000, 0x0000000085700000, 0x00000000d5580000)
  object space 89088K, 56% used [0x0000000080000000,0x0000000083178798,0x0000000085700000)
 Metaspace       used 6083K, capacity 7152K, committed 7296K, reserved 1056768K
  class space    used 578K, capacity 616K, committed 640K, reserved 1048576K
GC Heap History (10 events):
Event: 11,998 GC heap after
Heap after GC invocations=3 (full 0):
 PSYoungGen      total 67584K, used 5110K [0x00000000d5580000, 0x00000000dd980000, 0x0000000100000000)
  eden space 62464K, 0% used [0x00000000d5580000,0x00000000d5580000,0x00000000d9280000)
  from space 5120K, 99% used [0x00000000d9280000,0x00000000d977da70,0x00000000d9780000)
  to   space 5120K, 0% used [0x00000000dd480000,0x00000000dd480000,0x00000000dd980000)
 ParOldGen       total 83456K, used 38858K [0x0000000080000000, 0x0000000085180000, 0x00000000d5580000)
  object space 83456K, 46% used [0x0000000080000000,0x00000000825f2a90,0x0000000085180000)
 Metaspace       used 5680K, capacity 6896K, committed 7040K, reserved 1056768K
  class space    used 560K, capacity 616K, committed 640K, reserved 1048576K
}
Event: 13,111 GC heap before
{Heap before GC invocations=4 (full 0):
 PSYoungGen      total 67584K, used 67574K [0x00000000d5580000, 0x00000000dd980000, 0x0000000100000000)
  eden space 62464K, 100% used [0x00000000d5580000,0x00000000d9280000,0x00000000d9280000)
  from space 5120K, 99% used [0x00000000d9280000,0x00000000d977da70,0x00000000d9780000)
  to   space 5120K, 0% used [0x00000000dd480000,0x00000000dd480000,0x00000000dd980000)
 ParOldGen       total 83456K, used 38858K [0x0000000080000000, 0x0000000085180000, 0x00000000d5580000)
  object space 83456K, 46% used [0x0000000080000000,0x00000000825f2a90,0x0000000085180000)
 Metaspace       used 5749K, capacity 6960K, committed 7040K, reserved 1056768K
  class space    used 560K, capacity 616K, committed 640K, reserved 1048576K
Event: 27,569 GC heap after
Heap after GC invocations=4 (full 0):
 PSYoungGen      total 130048K, used 5119K [0x00000000d5580000, 0x00000000dd980000, 0x0000000100000000)
  eden space 124928K, 0% used [0x00000000d5580000,0x00000000d5580000,0x00000000dcf80000)
  from space 5120K, 99% used [0x00000000dd480000,0x00000000dd97fc50,0x00000000dd980000)
  to   space 5120K, 0% used [0x00000000dcf80000,0x00000000dcf80000,0x00000000dd480000)
 ParOldGen       total 83456K, used 61055K [0x0000000080000000, 0x0000000085180000, 0x00000000d5580000)
  object space 83456K, 73% used [0x0000000080000000,0x0000000083b9fd40,0x0000000085180000)
 Metaspace       used 5749K, capacity 6960K, committed 7040K, reserved 1056768K
  class space    used 560K, capacity 616K, committed 640K, reserved 1048576K
}
Event: 27,569 GC heap before
{Heap before GC invocations=5 (full 1):
 PSYoungGen      total 130048K, used 5119K [0x00000000d5580000, 0x00000000dd980000, 0x0000000100000000)
  eden space 124928K, 0% used [0x00000000d5580000,0x00000000d5580000,0x00000000dcf80000)
  from space 5120K, 99% used [0x00000000dd480000,0x00000000dd97fc50,0x00000000dd980000)
  to   space 5120K, 0% used [0x00000000dcf80000,0x00000000dcf80000,0x00000000dd480000)
 ParOldGen       total 83456K, used 61055K [0x0000000080000000, 0x0000000085180000, 0x00000000d5580000)
  object space 83456K, 73% used [0x0000000080000000,0x0000000083b9fd40,0x0000000085180000)
 Metaspace       used 5749K, capacity 6960K, committed 7040K, reserved 1056768K
  class space    used 560K, capacity 616K, committed 640K, reserved 1048576K
Event: 29,161 GC heap after
Heap after GC invocations=5 (full 1):
 PSYoungGen      total 130048K, used 0K [0x00000000d5580000, 0x00000000dd980000, 0x0000000100000000)
  eden space 124928K, 0% used [0x00000000d5580000,0x00000000d5580000,0x00000000dcf80000)
  from space 5120K, 0% used [0x00000000dd480000,0x00000000dd480000,0x00000000dd980000)
  to   space 5120K, 0% used [0x00000000dcf80000,0x00000000dcf80000,0x00000000dd480000)
 ParOldGen       total 89088K, used 19284K [0x0000000080000000, 0x0000000085700000, 0x00000000d5580000)
  object space 89088K, 21% used [0x0000000080000000,0x00000000812d5280,0x0000000085700000)
 Metaspace       used 5749K, capacity 6960K, committed 7040K, reserved 1056768K
  class space    used 560K, capacity 616K, committed 640K, reserved 1048576K
}
Event: 34,497 GC heap before
{Heap before GC invocations=6 (full 1):
 PSYoungGen      total 130048K, used 124928K [0x00000000d5580000, 0x00000000dd980000, 0x0000000100000000)
  eden space 124928K, 100% used [0x00000000d5580000,0x00000000dcf80000,0x00000000dcf80000)
  from space 5120K, 0% used [0x00000000dd480000,0x00000000dd480000,0x00000000dd980000)
  to   space 5120K, 0% used [0x00000000dcf80000,0x00000000dcf80000,0x00000000dd480000)
 ParOldGen       total 89088K, used 19284K [0x0000000080000000, 0x0000000085700000, 0x00000000d5580000)
  object space 89088K, 21% used [0x0000000080000000,0x00000000812d5280,0x0000000085700000)
 Metaspace       used 5866K, capacity 7024K, committed 7296K, reserved 1056768K
  class space    used 560K, capacity 616K, committed 640K, reserved 1048576K
Event: 34,729 GC heap after
Heap after GC invocations=6 (full 1):
 PSYoungGen      total 130048K, used 5105K [0x00000000d5580000, 0x00000000e8600000, 0x0000000100000000)
  eden space 124928K, 0% used [0x00000000d5580000,0x00000000d5580000,0x00000000dcf80000)
  from space 5120K, 99% used [0x00000000dcf80000,0x00000000dd47c5f0,0x00000000dd480000)
  to   space 40960K, 0% used [0x00000000e5e00000,0x00000000e5e00000,0x00000000e8600000)
 ParOldGen       total 89088K, used 42383K [0x0000000080000000, 0x0000000085700000, 0x00000000d5580000)
  object space 89088K, 47% used [0x0000000080000000,0x0000000082963e80,0x0000000085700000)
 Metaspace       used 5866K, capacity 7024K, committed 7296K, reserved 1056768K
  class space    used 560K, capacity 616K, committed 640K, reserved 1048576K
}
Event: 36,721 GC heap before
{Heap before GC invocations=7 (full 1):
 PSYoungGen      total 130048K, used 130033K [0x00000000d5580000, 0x00000000e8600000, 0x0000000100000000)
  eden space 124928K, 100% used [0x00000000d5580000,0x00000000dcf80000,0x00000000dcf80000)
  from space 5120K, 99% used [0x00000000dcf80000,0x00000000dd47c5f0,0x00000000dd480000)
  to   space 40960K, 0% used [0x00000000e5e00000,0x00000000e5e00000,0x00000000e8600000)
 ParOldGen       total 89088K, used 42383K [0x0000000080000000, 0x0000000085700000, 0x00000000d5580000)
  object space 89088K, 47% used [0x0000000080000000,0x0000000082963e80,0x0000000085700000)
 Metaspace       used 6009K, capacity 7088K, committed 7296K, reserved 1056768K
  class space    used 578K, capacity 616K, committed 640K, reserved 1048576K
Event: 36,871 GC heap after
Heap after GC invocations=7 (full 1):
 PSYoungGen      total 266240K, used 35582K [0x00000000d5580000, 0x00000000e8b80000, 0x0000000100000000)
  eden space 225280K, 0% used [0x00000000d5580000,0x00000000d5580000,0x00000000e3180000)
  from space 40960K, 86% used [0x00000000e5e00000,0x00000000e80bf9d0,0x00000000e8600000)
  to   space 45568K, 0% used [0x00000000e3180000,0x00000000e3180000,0x00000000e5e00000)
 ParOldGen       total 89088K, used 42383K [0x0000000080000000, 0x0000000085700000, 0x00000000d5580000)
  object space 89088K, 47% used [0x0000000080000000,0x0000000082963e80,0x0000000085700000)
 Metaspace       used 6009K, capacity 7088K, committed 7296K, reserved 1056768K
  class space    used 578K, capacity 616K, committed 640K, reserved 1048576K
}
Event: 40,800 GC heap before
{Heap before GC invocations=8 (full 1):
 PSYoungGen      total 266240K, used 260862K [0x00000000d5580000, 0x00000000e8b80000, 0x0000000100000000)
  eden space 225280K, 100% used [0x00000000d5580000,0x00000000e3180000,0x00000000e3180000)
  from space 40960K, 86% used [0x00000000e5e00000,0x00000000e80bf9d0,0x00000000e8600000)
  to   space 45568K, 0% used [0x00000000e3180000,0x00000000e3180000,0x00000000e5e00000)
 ParOldGen       total 89088K, used 42383K [0x0000000080000000, 0x0000000085700000, 0x00000000d5580000)
  object space 89088K, 47% used [0x0000000080000000,0x0000000082963e80,0x0000000085700000)
 Metaspace       used 6083K, capacity 7152K, committed 7296K, reserved 1056768K
  class space    used 578K, capacity 616K, committed 640K, reserved 1048576K

